<?xml version="1.0" encoding="UTF-8"?>
<testng-results ignored="0" total="1" passed="1" failed="0" skipped="0">
  <reporter-output>
    <line>
      <![CDATA[Setting up reports and Test are getting ready]]>
    </line>
    <line>
      <![CDATA[Setting up done. Test can be started]]>
    </line>
    <line>
      <![CDATA[Trying to start browser and getting application ready.]]>
    </line>
    <line>
      <![CDATA[Browser and application up and running.]]>
    </line>
  </reporter-output>
  <suite started-at="2025-09-25T12:19:42Z" name="Default suite" finished-at="2025-09-25T12:20:01Z" duration-ms="18585">
    <groups>
    </groups>
    <test started-at="2025-09-25T12:19:42Z" name="Default test" finished-at="2025-09-25T12:20:01Z" duration-ms="18585">
      <class name="com.automation.testcases.TC01_TestDemoblazeResistration">
        <test-method is-config="true" signature="setUpSuite()[pri:0, instance:com.automation.testcases.TC01_TestDemoblazeResistration@239a307b]" started-at="2025-09-25T12:19:27Z" name="setUpSuite" finished-at="2025-09-25T12:19:42Z" duration-ms="15191" status="PASS">
          <reporter-output>
            <line>
              <![CDATA[Setting up reports and Test are getting ready]]>
            </line>
            <line>
              <![CDATA[Setting up done. Test can be started]]>
            </line>
          </reporter-output>
        </test-method> <!-- setUpSuite -->
        <test-method is-config="true" signature="setUp()[pri:0, instance:com.automation.testcases.TC01_TestDemoblazeResistration@239a307b]" started-at="2025-09-25T12:19:42Z" name="setUp" finished-at="2025-09-25T12:19:48Z" duration-ms="5780" status="PASS">
          <reporter-output>
            <line>
              <![CDATA[Trying to start browser and getting application ready.]]>
            </line>
            <line>
              <![CDATA[Browser and application up and running.]]>
            </line>
          </reporter-output>
        </test-method> <!-- setUp -->
        <test-method is-config="true" signature="setupLogger(java.lang.reflect.Method)[pri:0, instance:com.automation.testcases.TC01_TestDemoblazeResistration@239a307b]" started-at="2025-09-25T12:19:48Z" name="setupLogger" finished-at="2025-09-25T12:19:48Z" duration-ms="17" status="PASS">
          <params>
            <param index="0">
              <value>
                <![CDATA[public void com.automation.testcases.TC01_TestDemoblazeResistration.testLogin()]]>
              </value>
            </param>
          </params>
          <reporter-output>
          </reporter-output>
        </test-method> <!-- setupLogger -->
        <test-method signature="testLogin()[pri:0, instance:com.automation.testcases.TC01_TestDemoblazeResistration@239a307b]" started-at="2025-09-25T12:19:48Z" name="testLogin" finished-at="2025-09-25T12:19:57Z" duration-ms="8526" status="PASS">
          <reporter-output>
          </reporter-output>
        </test-method> <!-- testLogin -->
        <test-method is-config="true" signature="tearDownMethod(org.testng.ITestResult)[pri:0, instance:com.automation.testcases.TC01_TestDemoblazeResistration@239a307b]" started-at="2025-09-25T12:19:57Z" name="tearDownMethod" finished-at="2025-09-25T12:20:00Z" duration-ms="3054" status="PASS">
          <params>
            <param index="0">
              <value>
                <![CDATA[[TestResult name=testLogin status=SUCCESS method=TC01_TestDemoblazeResistration.testLogin()[pri:0, instance:com.automation.testcases.TC01_TestDemoblazeResistration@239a307b] output={null}]]]>
              </value>
            </param>
          </params>
          <reporter-output>
          </reporter-output>
        </test-method> <!-- tearDownMethod -->
        <test-method is-config="true" signature="driverQuit()[pri:0, instance:com.automation.testcases.TC01_TestDemoblazeResistration@239a307b]" started-at="2025-09-25T12:20:00Z" name="driverQuit" finished-at="2025-09-25T12:20:01Z" duration-ms="1182" status="PASS">
          <reporter-output>
          </reporter-output>
        </test-method> <!-- driverQuit -->
      </class> <!-- com.automation.testcases.TC01_TestDemoblazeResistration -->
    </test> <!-- Default test -->
  </suite> <!-- Default suite -->
</testng-results>
